Configuration 'compile' in project ':app' is deprecated. Use 'implementation' instead.
Configuration 'androidTestCompile' in project ':app' is deprecated. Use 'androidTestImplementation' instead.
Configuration 'testCompile' in project ':app' is deprecated. Use 'testImplementation' instead.
File /home/travis/.android/repositories.cfg could not be loaded.
Checking the license for package Android SDK Build-Tools 26.0.2 in /home/travis/build/JonathanGiles/azure-samples-builder/android-sdk-linux/licenses
Warning: License for package Android SDK Build-Tools 26.0.2 not accepted.
Checking the license for package Android SDK Platform 26 in /home/travis/build/JonathanGiles/azure-samples-builder/android-sdk-linux/licenses
Warning: License for package Android SDK Platform 26 not accepted.

FAILURE: Build failed with an exception.

* What went wrong:
A problem occurred configuring project ':app'.
> You have not accepted the license agreements of the following SDK components:
  [Android SDK Platform 26, Android SDK Build-Tools 26.0.2].
  Before building your project, you need to accept the license agreements and complete the installation of the missing components using the Android Studio SDK Manager.
  Alternatively, to learn how to transfer the license agreements from one workstation to another, go to http://d.android.com/r/studio-ui/export-licenses.html

* Try:
Run with --stacktrace option to get the stack trace. Run with --info or --debug option to get more log output.

* Get more help at https://help.gradle.org

BUILD FAILED in 8s
